

================================================================
== Vivado HLS Report for 'Loop_memset_y_proc'
================================================================
* Date:           Mon Jun  1 11:18:30 2020

* Version:        2019.2 (Build 2704478 on Wed Nov 06 22:10:23 MST 2019)
* Project:        matvec
* Solution:       solution2
* Product family: virtex7
* Target device:  xc7vx485t-ffg1157-1


================================================================
== Performance Estimates
================================================================
+ Timing: 
    * Summary: 
    +--------+----------+----------+------------+
    |  Clock |  Target  | Estimated| Uncertainty|
    +--------+----------+----------+------------+
    |ap_clk  | 10.00 ns | 8.035 ns |   1.25 ns  |
    +--------+----------+----------+------------+

+ Latency: 
    * Summary: 
    +---------+---------+----------+----------+-----+-----+---------+
    |  Latency (cycles) |  Latency (absolute) |  Interval | Pipeline|
    |   min   |   max   |    min   |    max   | min | max |   Type  |
    +---------+---------+----------+----------+-----+-----+---------+
    |       19|       19| 0.190 us | 0.190 us |   19|   19|   none  |
    +---------+---------+----------+----------+-----+-----+---------+

    + Detail: 
        * Instance: 
        N/A

        * Loop: 
        +-------------+---------+---------+----------+-----------+-----------+------+----------+
        |             |  Latency (cycles) | Iteration|  Initiation Interval  | Trip |          |
        |  Loop Name  |   min   |   max   |  Latency |  achieved |   target  | Count| Pipelined|
        +-------------+---------+---------+----------+-----------+-----------+------+----------+
        |- memset_y   |        1|        1|         1|          -|          -|     2|    no    |
        |- Loop 2     |       16|       16|         8|          -|          -|     2|    no    |
        | + Loop 2.1  |        6|        6|         3|          -|          -|     2|    no    |
        +-------------+---------+---------+----------+-----------+-----------+------+----------+



================================================================
== Utilization Estimates
================================================================
* Summary: 
+-----------------+---------+-------+--------+--------+-----+
|       Name      | BRAM_18K| DSP48E|   FF   |   LUT  | URAM|
+-----------------+---------+-------+--------+--------+-----+
|DSP              |        -|      -|       -|       -|    -|
|Expression       |        -|      3|       0|     103|    -|
|FIFO             |        -|      -|       -|       -|    -|
|Instance         |        -|      -|       -|       -|    -|
|Memory           |        -|      -|       -|       -|    -|
|Multiplexer      |        -|      -|       -|     113|    -|
|Register         |        -|      -|      81|       -|    -|
+-----------------+---------+-------+--------+--------+-----+
|Total            |        0|      3|      81|     216|    0|
+-----------------+---------+-------+--------+--------+-----+
|Available        |     2060|   2800|  607200|  303600|    0|
+-----------------+---------+-------+--------+--------+-----+
|Utilization (%)  |        0|   ~0  |   ~0   |   ~0   |    0|
+-----------------+---------+-------+--------+--------+-----+

+ Detail: 
    * Instance: 
    N/A

    * DSP48E: 
    N/A

    * Memory: 
    N/A

    * FIFO: 
    N/A

    * Expression: 
    +---------------------+----------+-------+---+----+------------+------------+
    |    Variable Name    | Operation| DSP48E| FF| LUT| Bitwidth P0| Bitwidth P1|
    +---------------------+----------+-------+---+----+------------+------------+
    |mul_ln28_fu_158_p2   |     *    |      3|  0|  20|          32|          32|
    |add_ln28_fu_163_p2   |     +    |      0|  0|  39|          32|          32|
    |i_fu_130_p2          |     +    |      0|  0|  10|           2|           1|
    |j_fu_147_p2          |     +    |      0|  0|  10|           2|           1|
    |ap_block_state4      |    and   |      0|  0|   2|           1|           1|
    |icmp_ln26_fu_124_p2  |   icmp   |      0|  0|   9|           2|           3|
    |icmp_ln27_fu_141_p2  |   icmp   |      0|  0|   9|           2|           3|
    |ap_block_state1      |    or    |      0|  0|   2|           1|           1|
    |xor_ln25_fu_118_p2   |    xor   |      0|  0|   2|           1|           2|
    +---------------------+----------+-------+---+----+------------+------------+
    |Total                |          |      3|  0| 103|          75|          76|
    +---------------------+----------+-------+---+----+------------+------------+

    * Multiplexer: 
    +-------------------+----+-----------+-----+-----------+
    |        Name       | LUT| Input Size| Bits| Total Bits|
    +-------------------+----+-----------+-----+-----------+
    |A_blk_n            |   9|          2|    1|          2|
    |ap_NS_fsm          |  38|          7|    1|          7|
    |ap_done            |   9|          2|    1|          2|
    |i4_0_i_reg_91      |   9|          2|    2|          4|
    |j5_0_i_reg_102     |   9|          2|    2|          4|
    |phi_ln25_i_reg_80  |   9|          2|    1|          2|
    |y_address0         |  15|          3|    1|          3|
    |y_d0               |  15|          3|   32|         96|
    +-------------------+----+-----------+-----+-----------+
    |Total              | 113|         23|   41|        120|
    +-------------------+----+-----------+-----+-----------+

    * Register: 
    +-------------------+----+----+-----+-----------+
    |        Name       | FF | LUT| Bits| Const Bits|
    +-------------------+----+----+-----+-----------+
    |A_read_reg_195     |  32|   0|   32|          0|
    |ap_CS_fsm          |   6|   0|    6|          0|
    |ap_done_reg        |   1|   0|    1|          0|
    |i4_0_i_reg_91      |   2|   0|    2|          0|
    |i_reg_177          |   2|   0|    2|          0|
    |j5_0_i_reg_102     |   2|   0|    2|          0|
    |j_reg_190          |   2|   0|    2|          0|
    |mul_ln28_reg_205   |  32|   0|   32|          0|
    |phi_ln25_i_reg_80  |   1|   0|    1|          0|
    |y_addr_1_reg_182   |   1|   0|    1|          0|
    +-------------------+----+----+-----+-----------+
    |Total              |  81|   0|   81|          0|
    +-------------------+----+----+-----+-----------+



================================================================
== Interface
================================================================
* Summary: 
+-------------+-----+-----+------------+--------------------+--------------+
|  RTL Ports  | Dir | Bits|  Protocol  |    Source Object   |    C Type    |
+-------------+-----+-----+------------+--------------------+--------------+
|ap_clk       |  in |    1| ap_ctrl_hs | Loop_memset_y_proc | return value |
|ap_rst       |  in |    1| ap_ctrl_hs | Loop_memset_y_proc | return value |
|ap_start     |  in |    1| ap_ctrl_hs | Loop_memset_y_proc | return value |
|ap_done      | out |    1| ap_ctrl_hs | Loop_memset_y_proc | return value |
|ap_continue  |  in |    1| ap_ctrl_hs | Loop_memset_y_proc | return value |
|ap_idle      | out |    1| ap_ctrl_hs | Loop_memset_y_proc | return value |
|ap_ready     | out |    1| ap_ctrl_hs | Loop_memset_y_proc | return value |
|y_address0   | out |    1|  ap_memory |          y         |     array    |
|y_ce0        | out |    1|  ap_memory |          y         |     array    |
|y_we0        | out |    1|  ap_memory |          y         |     array    |
|y_d0         | out |   32|  ap_memory |          y         |     array    |
|y_q0         |  in |   32|  ap_memory |          y         |     array    |
|A_dout       |  in |   32|   ap_fifo  |          A         |    pointer   |
|A_empty_n    |  in |    1|   ap_fifo  |          A         |    pointer   |
|A_read       | out |    1|   ap_fifo  |          A         |    pointer   |
|x_address0   | out |    1|  ap_memory |          x         |     array    |
|x_ce0        | out |    1|  ap_memory |          x         |     array    |
|x_q0         |  in |   32|  ap_memory |          x         |     array    |
+-------------+-----+-----+------------+--------------------+--------------+

