

================================================================
== Vivado HLS Report for 'Loop_memset_y_proc'
================================================================
* Date:           Mon Jun  1 11:30:30 2020

* Version:        2019.2 (Build 2704478 on Wed Nov 06 22:10:23 MST 2019)
* Project:        matvec
* Solution:       solution3
* Product family: virtex7
* Target device:  xc7vx485t-ffg1157-1


================================================================
== Performance Estimates
================================================================
+ Timing: 
    * Summary: 
    +--------+----------+----------+------------+
    |  Clock |  Target  | Estimated| Uncertainty|
    +--------+----------+----------+------------+
    |ap_clk  | 10.00 ns | 6.610 ns |   1.25 ns  |
    +--------+----------+----------+------------+

+ Latency: 
    * Summary: 
    +---------+---------+----------+----------+-----+-----+---------+
    |  Latency (cycles) |  Latency (absolute) |  Interval | Pipeline|
    |   min   |   max   |    min   |    max   | min | max |   Type  |
    +---------+---------+----------+----------+-----+-----+---------+
    |       13|       13| 0.130 us | 0.130 us |   13|   13|   none  |
    +---------+---------+----------+----------+-----+-----+---------+

    + Detail: 
        * Instance: 
        N/A

        * Loop: 
        +--------------------------+---------+---------+----------+-----------+-----------+------+----------+
        |                          |  Latency (cycles) | Iteration|  Initiation Interval  | Trip |          |
        |         Loop Name        |   min   |   max   |  Latency |  achieved |   target  | Count| Pipelined|
        +--------------------------+---------+---------+----------+-----------+-----------+------+----------+
        |- memset_y                |        1|        1|         1|          -|          -|     2|    no    |
        |- L_tiled_matvec_compute  |        9|        9|         4|          2|          1|     4|    yes   |
        +--------------------------+---------+---------+----------+-----------+-----------+------+----------+



================================================================
== Utilization Estimates
================================================================
* Summary: 
+-----------------+---------+-------+--------+--------+-----+
|       Name      | BRAM_18K| DSP48E|   FF   |   LUT  | URAM|
+-----------------+---------+-------+--------+--------+-----+
|DSP              |        -|      -|       -|       -|    -|
|Expression       |        -|      3|       0|     123|    -|
|FIFO             |        -|      -|       -|       -|    -|
|Instance         |        -|      -|       -|       -|    -|
|Memory           |        -|      -|       -|       -|    -|
|Multiplexer      |        -|      -|       -|     159|    -|
|Register         |        -|      -|     124|       -|    -|
+-----------------+---------+-------+--------+--------+-----+
|Total            |        0|      3|     124|     282|    0|
+-----------------+---------+-------+--------+--------+-----+
|Available        |     2060|   2800|  607200|  303600|    0|
+-----------------+---------+-------+--------+--------+-----+
|Utilization (%)  |        0|   ~0  |   ~0   |   ~0   |    0|
+-----------------+---------+-------+--------+--------+-----+

+ Detail: 
    * Instance: 
    N/A

    * DSP48E: 
    N/A

    * Memory: 
    N/A

    * FIFO: 
    N/A

    * Expression: 
    +----------------------------------+----------+-------+---+----+------------+------------+
    |           Variable Name          | Operation| DSP48E| FF| LUT| Bitwidth P0| Bitwidth P1|
    +----------------------------------+----------+-------+---+----+------------+------------+
    |mul_ln28_fu_211_p2                |     *    |      3|  0|  20|          32|          32|
    |add_ln26_1_fu_183_p2              |     +    |      0|  0|  10|           2|           1|
    |add_ln26_fu_163_p2                |     +    |      0|  0|  12|           3|           1|
    |add_ln28_fu_215_p2                |     +    |      0|  0|  39|          32|          32|
    |j_fu_202_p2                       |     +    |      0|  0|  10|           2|           1|
    |ap_block_pp0_stage1_11001         |    and   |      0|  0|   2|           1|           1|
    |ap_block_state4_pp0_stage1_iter0  |    and   |      0|  0|   2|           1|           1|
    |icmp_ln26_fu_157_p2               |   icmp   |      0|  0|   9|           3|           4|
    |icmp_ln27_fu_169_p2               |   icmp   |      0|  0|   9|           2|           3|
    |ap_block_state1                   |    or    |      0|  0|   2|           1|           1|
    |select_ln28_1_fu_189_p3           |  select  |      0|  0|   2|           1|           2|
    |select_ln28_fu_175_p3             |  select  |      0|  0|   2|           1|           1|
    |ap_enable_pp0                     |    xor   |      0|  0|   2|           1|           2|
    |xor_ln25_fu_151_p2                |    xor   |      0|  0|   2|           1|           2|
    +----------------------------------+----------+-------+---+----+------------+------------+
    |Total                             |          |      3|  0| 123|          83|          84|
    +----------------------------------+----------+-------+---+----+------------+------------+

    * Multiplexer: 
    +-----------------------------------------+----+-----------+-----+-----------+
    |                   Name                  | LUT| Input Size| Bits| Total Bits|
    +-----------------------------------------+----+-----------+-----+-----------+
    |A_blk_n                                  |   9|          2|    1|          2|
    |ap_NS_fsm                                |  33|          6|    1|          6|
    |ap_done                                  |   9|          2|    1|          2|
    |ap_enable_reg_pp0_iter1                  |   9|          2|    1|          2|
    |ap_phi_mux_i4_0_i_phi_fu_128_p4          |   9|          2|    2|          4|
    |ap_phi_mux_indvar_flatten_phi_fu_117_p4  |   9|          2|    3|          6|
    |ap_phi_mux_j5_0_i_phi_fu_139_p4          |   9|          2|    2|          4|
    |i4_0_i_reg_124                           |   9|          2|    2|          4|
    |indvar_flatten_reg_113                   |   9|          2|    3|          6|
    |j5_0_i_reg_135                           |   9|          2|    2|          4|
    |phi_ln25_i_reg_101                       |   9|          2|    1|          2|
    |y_address0                               |  21|          4|    1|          4|
    |y_d0                                     |  15|          3|   32|         96|
    +-----------------------------------------+----+-----------+-----+-----------+
    |Total                                    | 159|         33|   52|        142|
    +-----------------------------------------+----+-----------+-----+-----------+

    * Register: 
    +---------------------------------+----+----+-----+-----------+
    |               Name              | FF | LUT| Bits| Const Bits|
    +---------------------------------+----+----+-----+-----------+
    |A_read_reg_251                   |  32|   0|   32|          0|
    |add_ln26_reg_230                 |   3|   0|    3|          0|
    |ap_CS_fsm                        |   5|   0|    5|          0|
    |ap_done_reg                      |   1|   0|    1|          0|
    |ap_enable_reg_pp0_iter0          |   1|   0|    1|          0|
    |ap_enable_reg_pp0_iter1          |   1|   0|    1|          0|
    |i4_0_i_reg_124                   |   2|   0|    2|          0|
    |icmp_ln26_reg_226                |   1|   0|    1|          0|
    |icmp_ln26_reg_226_pp0_iter1_reg  |   1|   0|    1|          0|
    |indvar_flatten_reg_113           |   3|   0|    3|          0|
    |j5_0_i_reg_135                   |   2|   0|    2|          0|
    |j_reg_261                        |   2|   0|    2|          0|
    |mul_ln28_reg_266                 |  32|   0|   32|          0|
    |phi_ln25_i_reg_101               |   1|   0|    1|          0|
    |select_ln28_1_reg_240            |   2|   0|    2|          0|
    |select_ln28_reg_235              |   2|   0|    2|          0|
    |x_load_reg_256                   |  32|   0|   32|          0|
    |y_addr_1_reg_271                 |   1|   0|    1|          0|
    +---------------------------------+----+----+-----+-----------+
    |Total                            | 124|   0|  124|          0|
    +---------------------------------+----+----+-----+-----------+



================================================================
== Interface
================================================================
* Summary: 
+-------------+-----+-----+------------+--------------------+--------------+
|  RTL Ports  | Dir | Bits|  Protocol  |    Source Object   |    C Type    |
+-------------+-----+-----+------------+--------------------+--------------+
|ap_clk       |  in |    1| ap_ctrl_hs | Loop_memset_y_proc | return value |
|ap_rst       |  in |    1| ap_ctrl_hs | Loop_memset_y_proc | return value |
|ap_start     |  in |    1| ap_ctrl_hs | Loop_memset_y_proc | return value |
|ap_done      | out |    1| ap_ctrl_hs | Loop_memset_y_proc | return value |
|ap_continue  |  in |    1| ap_ctrl_hs | Loop_memset_y_proc | return value |
|ap_idle      | out |    1| ap_ctrl_hs | Loop_memset_y_proc | return value |
|ap_ready     | out |    1| ap_ctrl_hs | Loop_memset_y_proc | return value |
|y_address0   | out |    1|  ap_memory |          y         |     array    |
|y_ce0        | out |    1|  ap_memory |          y         |     array    |
|y_we0        | out |    1|  ap_memory |          y         |     array    |
|y_d0         | out |   32|  ap_memory |          y         |     array    |
|y_q0         |  in |   32|  ap_memory |          y         |     array    |
|A_dout       |  in |   32|   ap_fifo  |          A         |    pointer   |
|A_empty_n    |  in |    1|   ap_fifo  |          A         |    pointer   |
|A_read       | out |    1|   ap_fifo  |          A         |    pointer   |
|x_address0   | out |    1|  ap_memory |          x         |     array    |
|x_ce0        | out |    1|  ap_memory |          x         |     array    |
|x_q0         |  in |   32|  ap_memory |          x         |     array    |
+-------------+-----+-----+------------+--------------------+--------------+

