INFO: [XSIM 43-3496] Using init file passed via -initfile option "/tools/Xilinx/Vivado/2019.2/data/xsim/ip/xsim_ip.ini".
Vivado Simulator 2019.2
Copyright 1986-1999, 2001-2019 Xilinx, Inc. All Rights Reserved.
Running: /tools/Xilinx/Vivado/2019.2/bin/unwrapped/lnx64.o/xelab xil_defaultlib.apatb_tiled_matvec_top glbl -prj tiled_matvec.prj -L smartconnect_v1_0 -L axi_protocol_checker_v1_1_12 -L axi_protocol_checker_v1_1_13 -L axis_protocol_checker_v1_1_11 -L axis_protocol_checker_v1_1_12 -L xil_defaultlib -L unisims_ver -L xpm --initfile /tools/Xilinx/Vivado/2019.2/data/xsim/ip/xsim_ip.ini --lib ieee_proposed=./ieee_proposed -s tiled_matvec 
Multi-threading is on. Using 6 slave threads.
WARNING: [XSIM 43-3431] One or more environment variables have been detected which affect the operation of the C compiler. These are typically not set in standard installations and are not tested by Xilinx, however they may be appropriate for your system, so the flow will attempt to continue.  If errors occur, try running xelab with the "-mt off -v 1" switches to see more information from the C compiler. The following environment variables have been detected:
INFO: [VRFC 10-2263] Analyzing SystemVerilog file "/home/mickael/stageFGPA/TP/matvec/matvec/solution1/sim/verilog/glbl.v" into library work
INFO: [VRFC 10-311] analyzing module glbl
INFO: [VRFC 10-2263] Analyzing SystemVerilog file "/home/mickael/stageFGPA/TP/matvec/matvec/solution1/sim/verilog/AESL_autofifo_xtile_V_vec_0.v" into library xil_defaultlib
INFO: [VRFC 10-311] analyzing module AESL_autofifo_xtile_V_vec_0
INFO: [VRFC 10-2263] Analyzing SystemVerilog file "/home/mickael/stageFGPA/TP/matvec/matvec/solution1/sim/verilog/AESL_autofifo_Atile_V_vec_0.v" into library xil_defaultlib
INFO: [VRFC 10-311] analyzing module AESL_autofifo_Atile_V_vec_0
INFO: [VRFC 10-2263] Analyzing SystemVerilog file "/home/mickael/stageFGPA/TP/matvec/matvec/solution1/sim/verilog/AESL_autofifo_xtile_V_vec_1.v" into library xil_defaultlib
INFO: [VRFC 10-311] analyzing module AESL_autofifo_xtile_V_vec_1
INFO: [VRFC 10-2263] Analyzing SystemVerilog file "/home/mickael/stageFGPA/TP/matvec/matvec/solution1/sim/verilog/tiled_matvec.v" into library xil_defaultlib
INFO: [VRFC 10-311] analyzing module tiled_matvec
INFO: [VRFC 10-2263] Analyzing SystemVerilog file "/home/mickael/stageFGPA/TP/matvec/matvec/solution1/sim/verilog/tiled_matvec.autotb.v" into library xil_defaultlib
INFO: [VRFC 10-311] analyzing module apatb_tiled_matvec_top
INFO: [VRFC 10-2263] Analyzing SystemVerilog file "/home/mickael/stageFGPA/TP/matvec/matvec/solution1/sim/verilog/AESL_autofifo_Atile_V_vec_1.v" into library xil_defaultlib
INFO: [VRFC 10-311] analyzing module AESL_autofifo_Atile_V_vec_1
INFO: [VRFC 10-2263] Analyzing SystemVerilog file "/home/mickael/stageFGPA/TP/matvec/matvec/solution1/sim/verilog/AESL_automem_ypartial.v" into library xil_defaultlib
INFO: [VRFC 10-311] analyzing module AESL_automem_ypartial
Starting static elaboration
Pass Through NonSizing Optimizer
Completed static elaboration
Starting simulation data flow analysis
Completed simulation data flow analysis
Time Resolution for simulation is 1ps
Compiling module xil_defaultlib.tiled_matvec
Compiling module xil_defaultlib.AESL_autofifo_Atile_V_vec_0
Compiling module xil_defaultlib.AESL_autofifo_Atile_V_vec_1
Compiling module xil_defaultlib.AESL_autofifo_xtile_V_vec_0
Compiling module xil_defaultlib.AESL_autofifo_xtile_V_vec_1
Compiling module xil_defaultlib.AESL_automem_ypartial
Compiling module xil_defaultlib.apatb_tiled_matvec_top
Compiling module work.glbl
Built simulation snapshot tiled_matvec
